<?xml version="1.0" encoding="UTF-8"?>
<testsuite name="org.hyperledger.fabric.samples.assettransfer.AssetTransferTest" tests="1" skipped="0" failures="0" errors="0" timestamp="2023-06-28T00:01:06" hostname="creativehillui-iMac.local" time="0.557">
  <properties/>
  <testcase name="invokeUnknownTransaction()" classname="org.hyperledger.fabric.samples.assettransfer.AssetTransferTest" time="0.557"/>
  <system-out><![CDATA[]]></system-out>
  <system-err><![CDATA[]]></system-err>
</testsuite>
